Тест:без ошибок 
---- Протокол ---- Дата: 04.10.18 15:15:48 ---- 
---- Параметры ---- 
 -in: C:\Users\pazan\Desktop\LP_Lab_14\in.txt
 -out: C:\Users\pazan\Desktop\LP_Lab_14\in.txt.out
 -log: C:\Users\pazan\Desktop\LP_Lab_14\in.txt.log
---- Исходные данные ---- 
Всего символов: 631
Всего строк: 38
Пропущено: 0
Ошибок: 0

1 tfi(ti,ti)
2 {
3 dti;
4 iviv(ivi);
5 ri;
6 };
8 tfi(ti,ti)
9 {
10 dti;
11 dtfi(ti,ti,
12 ti);
13 ivi(i,l,l)vi;
14 ri;
15 };
18 m{
19 dti;
20 dti;
21 dti;
22 dti;
23 dti;
24 dti;
25 dti(ti);
26 ivl;
27 ivl;
28 iv;
29 iv;
30 ivi(i,i);
31 ivi(i,i);
32 p;
33 pi;
34 pi;
35 pi(i);
36 rl;
37 };